23:43:08 - INFO - LiveReload is waiting for a browser to connect.
23:43:08 - INFO - Guard is now watching at '/var/www/html/mivart'
[1] guard(main)> [1] guard(main)> [1] guard(main)> [1] guard(main)> [1] guard(main)> [0GError: Bad file descriptor - read
/usr/local/rvm/gems/ruby-2.2.1/gems/pry-0.10.3/lib/pry/repl.rb:198:in `readline'
/usr/local/rvm/gems/ruby-2.2.1/gems/pry-0.10.3/lib/pry/repl.rb:198:in `block in input_readline'
/usr/local/rvm/gems/ruby-2.2.1/gems/pry-0.10.3/lib/pry/input_lock.rb:115:in `call'
/usr/local/rvm/gems/ruby-2.2.1/gems/pry-0.10.3/lib/pry/input_lock.rb:115:in `interruptible_region'
/usr/local/rvm/gems/ruby-2.2.1/gems/pry-0.10.3/lib/pry/repl.rb:197:in `input_readline'
/usr/local/rvm/gems/ruby-2.2.1/gems/pry-0.10.3/lib/pry/repl.rb:183:in `block in read_line'
/usr/local/rvm/gems/ruby-2.2.1/gems/pry-0.10.3/lib/pry/repl.rb:129:in `handle_read_errors'
/usr/local/rvm/gems/ruby-2.2.1/gems/pry-0.10.3/lib/pry/repl.rb:170:in `read_line'
/usr/local/rvm/gems/ruby-2.2.1/gems/pry-0.10.3/lib/pry/repl.rb:98:in `read'
/usr/local/rvm/gems/ruby-2.2.1/gems/pry-0.10.3/lib/pry/repl.rb:68:in `block in repl'
/usr/local/rvm/gems/ruby-2.2.1/gems/pry-0.10.3/lib/pry/repl.rb:67:in `loop'
/usr/local/rvm/gems/ruby-2.2.1/gems/pry-0.10.3/lib/pry/repl.rb:67:in `repl'
/usr/local/rvm/gems/ruby-2.2.1/gems/pry-0.10.3/lib/pry/repl.rb:38:in `block in start'
/usr/local/rvm/gems/ruby-2.2.1/gems/pry-0.10.3/lib/pry/input_lock.rb:61:in `call'
/usr/local/rvm/gems/ruby-2.2.1/gems/pry-0.10.3/lib/pry/input_lock.rb:61:in `__with_ownership'
/usr/local/rvm/gems/ruby-2.2.1/gems/pry-0.10.3/lib/pry/input_lock.rb:79:in `with_ownership'
/usr/local/rvm/gems/ruby-2.2.1/gems/pry-0.10.3/lib/pry/repl.rb:38:in `start'
/usr/local/rvm/gems/ruby-2.2.1/gems/pry-0.10.3/lib/pry/repl.rb:15:in `start'
/usr/local/rvm/gems/ruby-2.2.1/gems/pry-0.10.3/lib/pry/pry_class.rb:169:in `start'
/usr/local/rvm/gems/ruby-2.2.1/gems/guard-2.13.0/lib/guard/jobs/pry_wrapper.rb:102:in `block (2 levels) in _switch_to_pry'
Error: Bad file descriptor - read
/usr/local/rvm/gems/ruby-2.2.1/gems/pry-0.10.3/lib/pry/repl.rb:198:in `readline'
/usr/local/rvm/gems/ruby-2.2.1/gems/pry-0.10.3/lib/pry/repl.rb:198:in `block in input_readline'
/usr/local/rvm/gems/ruby-2.2.1/gems/pry-0.10.3/lib/pry/input_lock.rb:115:in `call'
/usr/local/rvm/gems/ruby-2.2.1/gems/pry-0.10.3/lib/pry/input_lock.rb:115:in `interruptible_region'
/usr/local/rvm/gems/ruby-2.2.1/gems/pry-0.10.3/lib/pry/repl.rb:197:in `input_readline'
/usr/local/rvm/gems/ruby-2.2.1/gems/pry-0.10.3/lib/pry/repl.rb:183:in `block in read_line'
/usr/local/rvm/gems/ruby-2.2.1/gems/pry-0.10.3/lib/pry/repl.rb:129:in `handle_read_errors'
/usr/local/rvm/gems/ruby-2.2.1/gems/pry-0.10.3/lib/pry/repl.rb:170:in `read_line'
/usr/local/rvm/gems/ruby-2.2.1/gems/pry-0.10.3/lib/pry/repl.rb:98:in `read'
/usr/local/rvm/gems/ruby-2.2.1/gems/pry-0.10.3/lib/pry/repl.rb:68:in `block in repl'
/usr/local/rvm/gems/ruby-2.2.1/gems/pry-0.10.3/lib/pry/repl.rb:67:in `loop'
/usr/local/rvm/gems/ruby-2.2.1/gems/pry-0.10.3/lib/pry/repl.rb:67:in `repl'
/usr/local/rvm/gems/ruby-2.2.1/gems/pry-0.10.3/lib/pry/repl.rb:38:in `block in start'
/usr/local/rvm/gems/ruby-2.2.1/gems/pry-0.10.3/lib/pry/input_lock.rb:61:in `call'
/usr/local/rvm/gems/ruby-2.2.1/gems/pry-0.10.3/lib/pry/input_lock.rb:61:in `__with_ownership'
/usr/local/rvm/gems/ruby-2.2.1/gems/pry-0.10.3/lib/pry/input_lock.rb:79:in `with_ownership'
/usr/local/rvm/gems/ruby-2.2.1/gems/pry-0.10.3/lib/pry/repl.rb:38:in `start'
/usr/local/rvm/gems/ruby-2.2.1/gems/pry-0.10.3/lib/pry/repl.rb:15:in `start'
/usr/local/rvm/gems/ruby-2.2.1/gems/pry-0.10.3/lib/pry/pry_class.rb:169:in `start'
/usr/local/rvm/gems/ruby-2.2.1/gems/guard-2.13.0/lib/guard/jobs/pry_wrapper.rb:102:in `block (2 levels) in _switch_to_pry'
Error: Bad file descriptor - read
/usr/local/rvm/gems/ruby-2.2.1/gems/pry-0.10.3/lib/pry/repl.rb:198:in `readline'
/usr/local/rvm/gems/ruby-2.2.1/gems/pry-0.10.3/lib/pry/repl.rb:198:in `block in input_readline'
/usr/local/rvm/gems/ruby-2.2.1/gems/pry-0.10.3/lib/pry/input_lock.rb:115:in `call'
/usr/local/rvm/gems/ruby-2.2.1/gems/pry-0.10.3/lib/pry/input_lock.rb:115:in `interruptible_region'
/usr/local/rvm/gems/ruby-2.2.1/gems/pry-0.10.3/lib/pry/repl.rb:197:in `input_readline'
/usr/local/rvm/gems/ruby-2.2.1/gems/pry-0.10.3/lib/pry/repl.rb:183:in `block in read_line'
/usr/local/rvm/gems/ruby-2.2.1/gems/pry-0.10.3/lib/pry/repl.rb:129:in `handle_read_errors'
/usr/local/rvm/gems/ruby-2.2.1/gems/pry-0.10.3/lib/pry/repl.rb:170:in `read_line'
/usr/local/rvm/gems/ruby-2.2.1/gems/pry-0.10.3/lib/pry/repl.rb:98:in `read'
/usr/local/rvm/gems/ruby-2.2.1/gems/pry-0.10.3/lib/pry/repl.rb:68:in `block in repl'
/usr/local/rvm/gems/ruby-2.2.1/gems/pry-0.10.3/lib/pry/repl.rb:67:in `loop'
/usr/local/rvm/gems/ruby-2.2.1/gems/pry-0.10.3/lib/pry/repl.rb:67:in `repl'
/usr/local/rvm/gems/ruby-2.2.1/gems/pry-0.10.3/lib/pry/repl.rb:38:in `block in start'
/usr/local/rvm/gems/ruby-2.2.1/gems/pry-0.10.3/lib/pry/input_lock.rb:61:in `call'
/usr/local/rvm/gems/ruby-2.2.1/gems/pry-0.10.3/lib/pry/input_lock.rb:61:in `__with_ownership'
/usr/local/rvm/gems/ruby-2.2.1/gems/pry-0.10.3/lib/pry/input_lock.rb:79:in `with_ownership'
/usr/local/rvm/gems/ruby-2.2.1/gems/pry-0.10.3/lib/pry/repl.rb:38:in `start'
/usr/local/rvm/gems/ruby-2.2.1/gems/pry-0.10.3/lib/pry/repl.rb:15:in `start'
/usr/local/rvm/gems/ruby-2.2.1/gems/pry-0.10.3/lib/pry/pry_class.rb:169:in `start'
/usr/local/rvm/gems/ruby-2.2.1/gems/guard-2.13.0/lib/guard/jobs/pry_wrapper.rb:102:in `block (2 levels) in _switch_to_pry'
Error: Bad file descriptor - read
/usr/local/rvm/gems/ruby-2.2.1/gems/pry-0.10.3/lib/pry/repl.rb:198:in `readline'
/usr/local/rvm/gems/ruby-2.2.1/gems/pry-0.10.3/lib/pry/repl.rb:198:in `block in input_readline'
/usr/local/rvm/gems/ruby-2.2.1/gems/pry-0.10.3/lib/pry/input_lock.rb:115:in `call'
/usr/local/rvm/gems/ruby-2.2.1/gems/pry-0.10.3/lib/pry/input_lock.rb:115:in `interruptible_region'
/usr/local/rvm/gems/ruby-2.2.1/gems/pry-0.10.3/lib/pry/repl.rb:197:in `input_readline'
/usr/local/rvm/gems/ruby-2.2.1/gems/pry-0.10.3/lib/pry/repl.rb:183:in `block in read_line'
/usr/local/rvm/gems/ruby-2.2.1/gems/pry-0.10.3/lib/pry/repl.rb:129:in `handle_read_errors'
/usr/local/rvm/gems/ruby-2.2.1/gems/pry-0.10.3/lib/pry/repl.rb:170:in `read_line'
/usr/local/rvm/gems/ruby-2.2.1/gems/pry-0.10.3/lib/pry/repl.rb:98:in `read'
/usr/local/rvm/gems/ruby-2.2.1/gems/pry-0.10.3/lib/pry/repl.rb:68:in `block in repl'
/usr/local/rvm/gems/ruby-2.2.1/gems/pry-0.10.3/lib/pry/repl.rb:67:in `loop'
/usr/local/rvm/gems/ruby-2.2.1/gems/pry-0.10.3/lib/pry/repl.rb:67:in `repl'
/usr/local/rvm/gems/ruby-2.2.1/gems/pry-0.10.3/lib/pry/repl.rb:38:in `block in start'
/usr/local/rvm/gems/ruby-2.2.1/gems/pry-0.10.3/lib/pry/input_lock.rb:61:in `call'
/usr/local/rvm/gems/ruby-2.2.1/gems/pry-0.10.3/lib/pry/input_lock.rb:61:in `__with_ownership'
/usr/local/rvm/gems/ruby-2.2.1/gems/pry-0.10.3/lib/pry/input_lock.rb:79:in `with_ownership'
/usr/local/rvm/gems/ruby-2.2.1/gems/pry-0.10.3/lib/pry/repl.rb:38:in `start'
/usr/local/rvm/gems/ruby-2.2.1/gems/pry-0.10.3/lib/pry/repl.rb:15:in `start'
/usr/local/rvm/gems/ruby-2.2.1/gems/pry-0.10.3/lib/pry/pry_class.rb:169:in `start'
/usr/local/rvm/gems/ruby-2.2.1/gems/guard-2.13.0/lib/guard/jobs/pry_wrapper.rb:102:in `block (2 levels) in _switch_to_pry'
Error: Bad file descriptor - read
/usr/local/rvm/gems/ruby-2.2.1/gems/pry-0.10.3/lib/pry/repl.rb:198:in `readline'
/usr/local/rvm/gems/ruby-2.2.1/gems/pry-0.10.3/lib/pry/repl.rb:198:in `block in input_readline'
/usr/local/rvm/gems/ruby-2.2.1/gems/pry-0.10.3/lib/pry/input_lock.rb:115:in `call'
/usr/local/rvm/gems/ruby-2.2.1/gems/pry-0.10.3/lib/pry/input_lock.rb:115:in `interruptible_region'
/usr/local/rvm/gems/ruby-2.2.1/gems/pry-0.10.3/lib/pry/repl.rb:197:in `input_readline'
/usr/local/rvm/gems/ruby-2.2.1/gems/pry-0.10.3/lib/pry/repl.rb:183:in `block in read_line'
/usr/local/rvm/gems/ruby-2.2.1/gems/pry-0.10.3/lib/pry/repl.rb:129:in `handle_read_errors'
/usr/local/rvm/gems/ruby-2.2.1/gems/pry-0.10.3/lib/pry/repl.rb:170:in `read_line'
/usr/local/rvm/gems/ruby-2.2.1/gems/pry-0.10.3/lib/pry/repl.rb:98:in `read'
/usr/local/rvm/gems/ruby-2.2.1/gems/pry-0.10.3/lib/pry/repl.rb:68:in `block in repl'
/usr/local/rvm/gems/ruby-2.2.1/gems/pry-0.10.3/lib/pry/repl.rb:67:in `loop'
/usr/local/rvm/gems/ruby-2.2.1/gems/pry-0.10.3/lib/pry/repl.rb:67:in `repl'
/usr/local/rvm/gems/ruby-2.2.1/gems/pry-0.10.3/lib/pry/repl.rb:38:in `block in start'
[0m[0m23:43:08 - INFO - Bye bye...
/usr/local/rvm/gems/ruby-2.2.1/gems/pry-0.10.3/lib/pry/input_lock.rb:61:in `call'
/usr/local/rvm/gems/ruby-2.2.1/gems/pry-0.10.3/lib/pry/input_lock.rb:61:in `__with_ownership'
/usr/local/rvm/gems/ruby-2.2.1/gems/pry-0.10.3/lib/pry/input_lock.rb:79:in `with_ownership'
/usr/local/rvm/gems/ruby-2.2.1/gems/pry-0.10.3/lib/pry/repl.rb:38:in `start'
/usr/local/rvm/gems/ruby-2.2.1/gems/pry-0.10.3/lib/pry/repl.rb:15:in `start'
/usr/local/rvm/gems/ruby-2.2.1/gems/pry-0.10.3/lib/pry/pry_class.rb:169:in `start'
/usr/local/rvm/gems/ruby-2.2.1/gems/guard-2.13.0/lib/guard/jobs/pry_wrapper.rb:102:in `block (2 levels) in _switch_to_pry'
FATAL: Pry failed to get user input using `Readline`.
To fix this you may be able to pass input and output file descriptors to pry directly. e.g.
  Pry.config.input = STDIN
  Pry.config.output = STDOUT
  binding.pry
]2;
23:45:57 - INFO - LiveReload is waiting for a browser to connect.
23:45:57 - INFO - Guard is now watching at '/var/www/html/mivart'
[1] guard(main)> [1] guard(main)> [1] guard(main)> [1] guard(main)> [1] guard(main)> [0GError: Bad file descriptor - read
/usr/local/rvm/gems/ruby-2.2.1/gems/pry-0.10.3/lib/pry/repl.rb:198:in `readline'
/usr/local/rvm/gems/ruby-2.2.1/gems/pry-0.10.3/lib/pry/repl.rb:198:in `block in input_readline'
/usr/local/rvm/gems/ruby-2.2.1/gems/pry-0.10.3/lib/pry/input_lock.rb:115:in `call'
/usr/local/rvm/gems/ruby-2.2.1/gems/pry-0.10.3/lib/pry/input_lock.rb:115:in `interruptible_region'
/usr/local/rvm/gems/ruby-2.2.1/gems/pry-0.10.3/lib/pry/repl.rb:197:in `input_readline'
/usr/local/rvm/gems/ruby-2.2.1/gems/pry-0.10.3/lib/pry/repl.rb:183:in `block in read_line'
/usr/local/rvm/gems/ruby-2.2.1/gems/pry-0.10.3/lib/pry/repl.rb:129:in `handle_read_errors'
/usr/local/rvm/gems/ruby-2.2.1/gems/pry-0.10.3/lib/pry/repl.rb:170:in `read_line'
/usr/local/rvm/gems/ruby-2.2.1/gems/pry-0.10.3/lib/pry/repl.rb:98:in `read'
/usr/local/rvm/gems/ruby-2.2.1/gems/pry-0.10.3/lib/pry/repl.rb:68:in `block in repl'
/usr/local/rvm/gems/ruby-2.2.1/gems/pry-0.10.3/lib/pry/repl.rb:67:in `loop'
/usr/local/rvm/gems/ruby-2.2.1/gems/pry-0.10.3/lib/pry/repl.rb:67:in `repl'
/usr/local/rvm/gems/ruby-2.2.1/gems/pry-0.10.3/lib/pry/repl.rb:38:in `block in start'
/usr/local/rvm/gems/ruby-2.2.1/gems/pry-0.10.3/lib/pry/input_lock.rb:61:in `call'
/usr/local/rvm/gems/ruby-2.2.1/gems/pry-0.10.3/lib/pry/input_lock.rb:61:in `__with_ownership'
/usr/local/rvm/gems/ruby-2.2.1/gems/pry-0.10.3/lib/pry/input_lock.rb:79:in `with_ownership'
/usr/local/rvm/gems/ruby-2.2.1/gems/pry-0.10.3/lib/pry/repl.rb:38:in `start'
/usr/local/rvm/gems/ruby-2.2.1/gems/pry-0.10.3/lib/pry/repl.rb:15:in `start'
/usr/local/rvm/gems/ruby-2.2.1/gems/pry-0.10.3/lib/pry/pry_class.rb:169:in `start'
/usr/local/rvm/gems/ruby-2.2.1/gems/guard-2.13.0/lib/guard/jobs/pry_wrapper.rb:102:in `block (2 levels) in _switch_to_pry'
Error: Bad file descriptor - read
/usr/local/rvm/gems/ruby-2.2.1/gems/pry-0.10.3/lib/pry/repl.rb:198:in `readline'
/usr/local/rvm/gems/ruby-2.2.1/gems/pry-0.10.3/lib/pry/repl.rb:198:in `block in input_readline'
/usr/local/rvm/gems/ruby-2.2.1/gems/pry-0.10.3/lib/pry/input_lock.rb:115:in `call'
/usr/local/rvm/gems/ruby-2.2.1/gems/pry-0.10.3/lib/pry/input_lock.rb:115:in `interruptible_region'
/usr/local/rvm/gems/ruby-2.2.1/gems/pry-0.10.3/lib/pry/repl.rb:197:in `input_readline'
/usr/local/rvm/gems/ruby-2.2.1/gems/pry-0.10.3/lib/pry/repl.rb:183:in `block in read_line'
/usr/local/rvm/gems/ruby-2.2.1/gems/pry-0.10.3/lib/pry/repl.rb:129:in `handle_read_errors'
/usr/local/rvm/gems/ruby-2.2.1/gems/pry-0.10.3/lib/pry/repl.rb:170:in `read_line'
/usr/local/rvm/gems/ruby-2.2.1/gems/pry-0.10.3/lib/pry/repl.rb:98:in `read'
/usr/local/rvm/gems/ruby-2.2.1/gems/pry-0.10.3/lib/pry/repl.rb:68:in `block in repl'
/usr/local/rvm/gems/ruby-2.2.1/gems/pry-0.10.3/lib/pry/repl.rb:67:in `loop'
/usr/local/rvm/gems/ruby-2.2.1/gems/pry-0.10.3/lib/pry/repl.rb:67:in `repl'
/usr/local/rvm/gems/ruby-2.2.1/gems/pry-0.10.3/lib/pry/repl.rb:38:in `block in start'
/usr/local/rvm/gems/ruby-2.2.1/gems/pry-0.10.3/lib/pry/input_lock.rb:61:in `call'
/usr/local/rvm/gems/ruby-2.2.1/gems/pry-0.10.3/lib/pry/input_lock.rb:61:in `__with_ownership'
/usr/local/rvm/gems/ruby-2.2.1/gems/pry-0.10.3/lib/pry/input_lock.rb:79:in `with_ownership'
/usr/local/rvm/gems/ruby-2.2.1/gems/pry-0.10.3/lib/pry/repl.rb:38:in `start'
/usr/local/rvm/gems/ruby-2.2.1/gems/pry-0.10.3/lib/pry/repl.rb:15:in `start'
/usr/local/rvm/gems/ruby-2.2.1/gems/pry-0.10.3/lib/pry/pry_class.rb:169:in `start'
/usr/local/rvm/gems/ruby-2.2.1/gems/guard-2.13.0/lib/guard/jobs/pry_wrapper.rb:102:in `block (2 levels) in _switch_to_pry'
Error: Bad file descriptor - read
/usr/local/rvm/gems/ruby-2.2.1/gems/pry-0.10.3/lib/pry/repl.rb:198:in `readline'
/usr/local/rvm/gems/ruby-2.2.1/gems/pry-0.10.3/lib/pry/repl.rb:198:in `block in input_readline'
/usr/local/rvm/gems/ruby-2.2.1/gems/pry-0.10.3/lib/pry/input_lock.rb:115:in `call'
/usr/local/rvm/gems/ruby-2.2.1/gems/pry-0.10.3/lib/pry/input_lock.rb:115:in `interruptible_region'
/usr/local/rvm/gems/ruby-2.2.1/gems/pry-0.10.3/lib/pry/repl.rb:197:in `input_readline'
/usr/local/rvm/gems/ruby-2.2.1/gems/pry-0.10.3/lib/pry/repl.rb:183:in `block in read_line'
/usr/local/rvm/gems/ruby-2.2.1/gems/pry-0.10.3/lib/pry/repl.rb:129:in `handle_read_errors'
/usr/local/rvm/gems/ruby-2.2.1/gems/pry-0.10.3/lib/pry/repl.rb:170:in `read_line'
/usr/local/rvm/gems/ruby-2.2.1/gems/pry-0.10.3/lib/pry/repl.rb:98:in `read'
/usr/local/rvm/gems/ruby-2.2.1/gems/pry-0.10.3/lib/pry/repl.rb:68:in `block in repl'
/usr/local/rvm/gems/ruby-2.2.1/gems/pry-0.10.3/lib/pry/repl.rb:67:in `loop'
/usr/local/rvm/gems/ruby-2.2.1/gems/pry-0.10.3/lib/pry/repl.rb:67:in `repl'
/usr/local/rvm/gems/ruby-2.2.1/gems/pry-0.10.3/lib/pry/repl.rb:38:in `block in start'
/usr/local/rvm/gems/ruby-2.2.1/gems/pry-0.10.3/lib/pry/input_lock.rb:61:in `call'
/usr/local/rvm/gems/ruby-2.2.1/gems/pry-0.10.3/lib/pry/input_lock.rb:61:in `__with_ownership'
/usr/local/rvm/gems/ruby-2.2.1/gems/pry-0.10.3/lib/pry/input_lock.rb:79:in `with_ownership'
/usr/local/rvm/gems/ruby-2.2.1/gems/pry-0.10.3/lib/pry/repl.rb:38:in `start'
/usr/local/rvm/gems/ruby-2.2.1/gems/pry-0.10.3/lib/pry/repl.rb:15:in `start'
/usr/local/rvm/gems/ruby-2.2.1/gems/pry-0.10.3/lib/pry/pry_class.rb:169:in `start'
/usr/local/rvm/gems/ruby-2.2.1/gems/guard-2.13.0/lib/guard/jobs/pry_wrapper.rb:102:in `block (2 levels) in _switch_to_pry'
Error: Bad file descriptor - read
/usr/local/rvm/gems/ruby-2.2.1/gems/pry-0.10.3/lib/pry/repl.rb:198:in `readline'
/usr/local/rvm/gems/ruby-2.2.1/gems/pry-0.10.3/lib/pry/repl.rb:198:in `block in input_readline'
/usr/local/rvm/gems/ruby-2.2.1/gems/pry-0.10.3/lib/pry/input_lock.rb:115:in `call'
/usr/local/rvm/gems/ruby-2.2.1/gems/pry-0.10.3/lib/pry/input_lock.rb:115:in `interruptible_region'
/usr/local/rvm/gems/ruby-2.2.1/gems/pry-0.10.3/lib/pry/repl.rb:197:in `input_readline'
/usr/local/rvm/gems/ruby-2.2.1/gems/pry-0.10.3/lib/pry/repl.rb:183:in `block in read_line'
/usr/local/rvm/gems/ruby-2.2.1/gems/pry-0.10.3/lib/pry/repl.rb:129:in `handle_read_errors'
/usr/local/rvm/gems/ruby-2.2.1/gems/pry-0.10.3/lib/pry/repl.rb:170:in `read_line'
/usr/local/rvm/gems/ruby-2.2.1/gems/pry-0.10.3/lib/pry/repl.rb:98:in `read'
/usr/local/rvm/gems/ruby-2.2.1/gems/pry-0.10.3/lib/pry/repl.rb:68:in `block in repl'
/usr/local/rvm/gems/ruby-2.2.1/gems/pry-0.10.3/lib/pry/repl.rb:67:in `loop'
/usr/local/rvm/gems/ruby-2.2.1/gems/pry-0.10.3/lib/pry/repl.rb:67:in `repl'
/usr/local/rvm/gems/ruby-2.2.1/gems/pry-0.10.3/lib/pry/repl.rb:38:in `block in start'
/usr/local/rvm/gems/ruby-2.2.1/gems/pry-0.10.3/lib/pry/input_lock.rb:61:in `call'
/usr/local/rvm/gems/ruby-2.2.1/gems/pry-0.10.3/lib/pry/input_lock.rb:61:in `__with_ownership'
/usr/local/rvm/gems/ruby-2.2.1/gems/pry-0.10.3/lib/pry/input_lock.rb:79:in `with_ownership'
/usr/local/rvm/gems/ruby-2.2.1/gems/pry-0.10.3/lib/pry/repl.rb:38:in `start'
/usr/local/rvm/gems/ruby-2.2.1/gems/pry-0.10.3/lib/pry/repl.rb:15:in `start'
/usr/local/rvm/gems/ruby-2.2.1/gems/pry-0.10.3/lib/pry/pry_class.rb:169:in `start'
/usr/local/rvm/gems/ruby-2.2.1/gems/guard-2.13.0/lib/guard/jobs/pry_wrapper.rb:102:in `block (2 levels) in _switch_to_pry'
Error: Bad file descriptor - read
/usr/local/rvm/gems/ruby-2.2.1/gems/pry-0.10.3/lib/pry/repl.rb:198:in `readline'
/usr/local/rvm/gems/ruby-2.2.1/gems/pry-0.10.3/lib/pry/repl.rb:198:in `block in input_readline'
/usr/local/rvm/gems/ruby-2.2.1/gems/pry-0.10.3/lib/pry/input_lock.rb:115:in `call'
/usr/local/rvm/gems/ruby-2.2.1/gems/pry-0.10.3/lib/pry/input_lock.rb:115:in `interruptible_region'
/usr/local/rvm/gems/ruby-2.2.1/gems/pry-0.10.3/lib/pry/repl.rb:197:in `input_readline'
/usr/local/rvm/gems/ruby-2.2.1/gems/pry-0.10.3/lib/pry/repl.rb:183:in `block in read_line'
/usr/local/rvm/gems/ruby-2.2.1/gems/pry-0.10.3/lib/pry/repl.rb:129:in `handle_read_errors'
/usr/local/rvm/gems/ruby-2.2.1/gems/pry-0.10.3/lib/pry/repl.rb:170:in `read_line'
/usr/local/rvm/gems/ruby-2.2.1/gems/pry-0.10.3/lib/pry/repl.rb:98:in `read'
/usr/local/rvm/gems/ruby-2.2.1/gems/pry-0.10.3/lib/pry/repl.rb:68:in `block in repl'
/usr/local/rvm/gems/ruby-2.2.1/gems/pry-0.10.3/lib/pry/repl.rb:67:in `loop'
/usr/local/rvm/gems/ruby-2.2.1/gems/pry-0.10.3/lib/pry/repl.rb:67:in `repl'
/usr/local/rvm/gems/ruby-2.2.1/gems/pry-0.10.3/lib/pry/repl.rb:38:in `block in start'
[0m[0m23:45:57 - INFO - Bye bye...
/usr/local/rvm/gems/ruby-2.2.1/gems/pry-0.10.3/lib/pry/input_lock.rb:61:in `call'
/usr/local/rvm/gems/ruby-2.2.1/gems/pry-0.10.3/lib/pry/input_lock.rb:61:in `__with_ownership'
/usr/local/rvm/gems/ruby-2.2.1/gems/pry-0.10.3/lib/pry/input_lock.rb:79:in `with_ownership'
/usr/local/rvm/gems/ruby-2.2.1/gems/pry-0.10.3/lib/pry/repl.rb:38:in `start'
/usr/local/rvm/gems/ruby-2.2.1/gems/pry-0.10.3/lib/pry/repl.rb:15:in `start'
/usr/local/rvm/gems/ruby-2.2.1/gems/pry-0.10.3/lib/pry/pry_class.rb:169:in `start'
/usr/local/rvm/gems/ruby-2.2.1/gems/guard-2.13.0/lib/guard/jobs/pry_wrapper.rb:102:in `block (2 levels) in _switch_to_pry'
FATAL: Pry failed to get user input using `Readline`.
To fix this you may be able to pass input and output file descriptors to pry directly. e.g.
  Pry.config.input = STDIN
  Pry.config.output = STDOUT
  binding.pry
]2;
